{"E:\\Stage PFE 2\\web\\backend\\declic_backend\\middleware\\authMiddleware.js": {"path":"E:\\Stage PFE 2\\web\\backend\\declic_backend\\middleware\\authMiddleware.js","statementMap":{"0":{"start":{"line":3,"column":13},"end":{"line":3,"column":38}},"1":{"start":{"line":4,"column":12},"end":{"line":4,"column":35}},"2":{"start":{"line":5,"column":20},"end":{"line":33,"column":3}},"3":{"start":{"line":7,"column":2},"end":{"line":9,"column":3}},"4":{"start":{"line":8,"column":4},"end":{"line":8,"column":75}},"5":{"start":{"line":12,"column":16},"end":{"line":12,"column":55}},"6":{"start":{"line":14,"column":2},"end":{"line":16,"column":3}},"7":{"start":{"line":15,"column":4},"end":{"line":15,"column":63}},"8":{"start":{"line":19,"column":4},"end":{"line":32,"column":5}},"9":{"start":{"line":20,"column":22},"end":{"line":20,"column":64}},"10":{"start":{"line":22,"column":19},"end":{"line":22,"column":60}},"11":{"start":{"line":23,"column":6},"end":{"line":25,"column":7}},"12":{"start":{"line":24,"column":8},"end":{"line":24,"column":65}},"13":{"start":{"line":27,"column":6},"end":{"line":27,"column":22}},"14":{"start":{"line":28,"column":6},"end":{"line":28,"column":13}},"15":{"start":{"line":30,"column":6},"end":{"line":30,"column":64}},"16":{"start":{"line":31,"column":6},"end":{"line":31,"column":81}},"17":{"start":{"line":36,"column":0},"end":{"line":36,"column":29}}},"fnMap":{"0":{"name":"(anonymous_0)","decl":{"start":{"line":5,"column":20},"end":{"line":5,"column":21}},"loc":{"start":{"line":5,"column":46},"end":{"line":33,"column":3}},"line":5}},"branchMap":{"0":{"loc":{"start":{"line":7,"column":2},"end":{"line":9,"column":3}},"type":"if","locations":[{"start":{"line":7,"column":2},"end":{"line":9,"column":3}},{"start":{},"end":{}}],"line":7},"1":{"loc":{"start":{"line":14,"column":2},"end":{"line":16,"column":3}},"type":"if","locations":[{"start":{"line":14,"column":2},"end":{"line":16,"column":3}},{"start":{},"end":{}}],"line":14},"2":{"loc":{"start":{"line":23,"column":6},"end":{"line":25,"column":7}},"type":"if","locations":[{"start":{"line":23,"column":6},"end":{"line":25,"column":7}},{"start":{},"end":{}}],"line":23}},"s":{"0":1,"1":1,"2":1,"3":1,"4":0,"5":1,"6":1,"7":0,"8":1,"9":1,"10":1,"11":0,"12":0,"13":0,"14":0,"15":1,"16":1,"17":1},"f":{"0":1},"b":{"0":[0,1],"1":[0,1],"2":[0,0]},"_coverageSchema":"1a1c01bbd47fc00a2c39e90264f33305004495a9","hash":"20bbaf715d808f8ca34e2880a9bd34585a3d20ef"}
,"E:\\Stage PFE 2\\web\\backend\\declic_backend\\models\\Notification.js": {"path":"E:\\Stage PFE 2\\web\\backend\\declic_backend\\models\\Notification.js","statementMap":{"0":{"start":{"line":1,"column":17},"end":{"line":1,"column":36}},"1":{"start":{"line":3,"column":27},"end":{"line":14,"column":2}},"2":{"start":{"line":16,"column":21},"end":{"line":16,"column":71}},"3":{"start":{"line":18,"column":0},"end":{"line":18,"column":30}}},"fnMap":{},"branchMap":{},"s":{"0":1,"1":1,"2":1,"3":1},"f":{},"b":{},"_coverageSchema":"1a1c01bbd47fc00a2c39e90264f33305004495a9","hash":"043340f1ef535647011104f6b00e06687e0bd797"}
,"E:\\Stage PFE 2\\web\\backend\\declic_backend\\models\\User.js": {"path":"E:\\Stage PFE 2\\web\\backend\\declic_backend\\models\\User.js","statementMap":{"0":{"start":{"line":1,"column":17},"end":{"line":1,"column":36}},"1":{"start":{"line":3,"column":19},"end":{"line":20,"column":2}},"2":{"start":{"line":22,"column":13},"end":{"line":22,"column":47}},"3":{"start":{"line":24,"column":0},"end":{"line":24,"column":22}}},"fnMap":{},"branchMap":{},"s":{"0":1,"1":1,"2":1,"3":1},"f":{},"b":{},"_coverageSchema":"1a1c01bbd47fc00a2c39e90264f33305004495a9","hash":"032ada632e4801a7cc7ef2c86ab854f28fd137fc"}
,"E:\\Stage PFE 2\\web\\backend\\declic_backend\\routes\\notificationsRoutes.js": {"path":"E:\\Stage PFE 2\\web\\backend\\declic_backend\\routes\\notificationsRoutes.js","statementMap":{"0":{"start":{"line":1,"column":16},"end":{"line":1,"column":34}},"1":{"start":{"line":2,"column":15},"end":{"line":2,"column":31}},"2":{"start":{"line":3,"column":20},"end":{"line":3,"column":59}},"3":{"start":{"line":5,"column":21},"end":{"line":5,"column":54}},"4":{"start":{"line":7,"column":0},"end":{"line":22,"column":3}},"5":{"start":{"line":8,"column":2},"end":{"line":21,"column":3}},"6":{"start":{"line":9,"column":15},"end":{"line":9,"column":23}},"7":{"start":{"line":12,"column":37},"end":{"line":12,"column":100}},"8":{"start":{"line":15,"column":26},"end":{"line":15,"column":88}},"9":{"start":{"line":18,"column":4},"end":{"line":18,"column":58}},"10":{"start":{"line":20,"column":4},"end":{"line":20,"column":91}},"11":{"start":{"line":30,"column":2},"end":{"line":40,"column":5}},"12":{"start":{"line":31,"column":4},"end":{"line":39,"column":5}},"13":{"start":{"line":32,"column":33},"end":{"line":32,"column":43}},"14":{"start":{"line":33,"column":6},"end":{"line":33,"column":34}},"15":{"start":{"line":34,"column":6},"end":{"line":34,"column":89}},"16":{"start":{"line":35,"column":6},"end":{"line":35,"column":87}},"17":{"start":{"line":37,"column":6},"end":{"line":37,"column":90}},"18":{"start":{"line":38,"column":6},"end":{"line":38,"column":103}},"19":{"start":{"line":45,"column":2},"end":{"line":68,"column":5}},"20":{"start":{"line":46,"column":4},"end":{"line":67,"column":5}},"21":{"start":{"line":47,"column":34},"end":{"line":47,"column":42}},"22":{"start":{"line":50,"column":6},"end":{"line":64,"column":7}},"23":{"start":{"line":52,"column":41},"end":{"line":52,"column":109}},"24":{"start":{"line":55,"column":8},"end":{"line":57,"column":9}},"25":{"start":{"line":56,"column":10},"end":{"line":56,"column":109}},"26":{"start":{"line":60,"column":8},"end":{"line":60,"column":98}},"27":{"start":{"line":61,"column":8},"end":{"line":61,"column":110}},"28":{"start":{"line":63,"column":8},"end":{"line":63,"column":81}},"29":{"start":{"line":66,"column":6},"end":{"line":66,"column":111}},"30":{"start":{"line":74,"column":2},"end":{"line":74,"column":26}}},"fnMap":{"0":{"name":"(anonymous_0)","decl":{"start":{"line":7,"column":29},"end":{"line":7,"column":30}},"loc":{"start":{"line":7,"column":49},"end":{"line":22,"column":1}},"line":7},"1":{"name":"(anonymous_1)","decl":{"start":{"line":30,"column":45},"end":{"line":30,"column":46}},"loc":{"start":{"line":30,"column":65},"end":{"line":40,"column":3}},"line":30},"2":{"name":"(anonymous_2)","decl":{"start":{"line":45,"column":31},"end":{"line":45,"column":32}},"loc":{"start":{"line":45,"column":51},"end":{"line":68,"column":3}},"line":45}},"branchMap":{"0":{"loc":{"start":{"line":50,"column":6},"end":{"line":64,"column":7}},"type":"if","locations":[{"start":{"line":50,"column":6},"end":{"line":64,"column":7}},{"start":{"line":62,"column":13},"end":{"line":64,"column":7}}],"line":50},"1":{"loc":{"start":{"line":50,"column":10},"end":{"line":50,"column":55}},"type":"binary-expr","locations":[{"start":{"line":50,"column":10},"end":{"line":50,"column":25}},{"start":{"line":50,"column":29},"end":{"line":50,"column":55}}],"line":50},"2":{"loc":{"start":{"line":55,"column":8},"end":{"line":57,"column":9}},"type":"if","locations":[{"start":{"line":55,"column":8},"end":{"line":57,"column":9}},{"start":{},"end":{}}],"line":55}},"s":{"0":1,"1":1,"2":1,"3":1,"4":1,"5":0,"6":0,"7":0,"8":0,"9":0,"10":0,"11":1,"12":1,"13":1,"14":1,"15":1,"16":1,"17":0,"18":0,"19":1,"20":0,"21":0,"22":0,"23":0,"24":0,"25":0,"26":0,"27":0,"28":0,"29":0,"30":1},"f":{"0":0,"1":1,"2":0},"b":{"0":[0,0],"1":[0,0],"2":[0,0]},"_coverageSchema":"1a1c01bbd47fc00a2c39e90264f33305004495a9","hash":"2d0466b97443a6c1290c345318e91ecb7b286d4c"}
}
